<?xml version="1.0" encoding="UTF-8"?>
<testsuite xmlns:xsi="http://www.w3.org/2001/XMLSchema-instance" xsi:noNamespaceSchemaLocation="https://maven.apache.org/surefire/maven-surefire-plugin/xsd/surefire-test-report.xsd" name="PosterManagerTest" time="0.069" tests="5" errors="0" skipped="0" failures="3">
  <properties>
    <property name="gopherProxySet" value="false"/>
    <property name="awt.toolkit" value="sun.lwawt.macosx.LWCToolkit"/>
    <property name="java.specification.version" value="11"/>
    <property name="sun.cpu.isalist" value=""/>
    <property name="sun.jnu.encoding" value="UTF-8"/>
    <property name="java.class.path" value="/Users/evgeniirybalkin/Downloads/Afisha/target/test-classes:/Users/evgeniirybalkin/Downloads/Afisha/target/classes:/Users/evgeniirybalkin/.m2/repository/org/junit/jupiter/junit-jupiter/5.7.0/junit-jupiter-5.7.0.jar:/Users/evgeniirybalkin/.m2/repository/org/junit/jupiter/junit-jupiter-api/5.7.0/junit-jupiter-api-5.7.0.jar:/Users/evgeniirybalkin/.m2/repository/org/apiguardian/apiguardian-api/1.1.0/apiguardian-api-1.1.0.jar:/Users/evgeniirybalkin/.m2/repository/org/opentest4j/opentest4j/1.2.0/opentest4j-1.2.0.jar:/Users/evgeniirybalkin/.m2/repository/org/junit/platform/junit-platform-commons/1.7.0/junit-platform-commons-1.7.0.jar:/Users/evgeniirybalkin/.m2/repository/org/junit/jupiter/junit-jupiter-params/5.7.0/junit-jupiter-params-5.7.0.jar:/Users/evgeniirybalkin/.m2/repository/org/junit/jupiter/junit-jupiter-engine/5.7.0/junit-jupiter-engine-5.7.0.jar:/Users/evgeniirybalkin/.m2/repository/org/junit/platform/junit-platform-engine/1.7.0/junit-platform-engine-1.7.0.jar:"/>
    <property name="java.vm.vendor" value="Amazon.com Inc."/>
    <property name="sun.arch.data.model" value="64"/>
    <property name="java.vendor.url" value="https://aws.amazon.com/corretto/"/>
    <property name="user.timezone" value=""/>
    <property name="java.vm.specification.version" value="11"/>
    <property name="os.name" value="Mac OS X"/>
    <property name="sun.java.launcher" value="SUN_STANDARD"/>
    <property name="user.country" value="RU"/>
    <property name="sun.boot.library.path" value="/Users/evgeniirybalkin/Library/Java/JavaVirtualMachines/corretto-11.0.16.1/Contents/Home/lib"/>
    <property name="sun.java.command" value="/Users/evgeniirybalkin/Downloads/Afisha/target/surefire/surefirebooter128689387753745392.jar /Users/evgeniirybalkin/Downloads/Afisha/target/surefire 2022-11-06T19-10-20_660-jvmRun1 surefire12641023356616119879tmp surefire_02228780693726727529tmp"/>
    <property name="http.nonProxyHosts" value="local|*.local|169.254/16|*.169.254/16"/>
    <property name="jdk.debug" value="release"/>
    <property name="surefire.test.class.path" value="/Users/evgeniirybalkin/Downloads/Afisha/target/test-classes:/Users/evgeniirybalkin/Downloads/Afisha/target/classes:/Users/evgeniirybalkin/.m2/repository/org/junit/jupiter/junit-jupiter/5.7.0/junit-jupiter-5.7.0.jar:/Users/evgeniirybalkin/.m2/repository/org/junit/jupiter/junit-jupiter-api/5.7.0/junit-jupiter-api-5.7.0.jar:/Users/evgeniirybalkin/.m2/repository/org/apiguardian/apiguardian-api/1.1.0/apiguardian-api-1.1.0.jar:/Users/evgeniirybalkin/.m2/repository/org/opentest4j/opentest4j/1.2.0/opentest4j-1.2.0.jar:/Users/evgeniirybalkin/.m2/repository/org/junit/platform/junit-platform-commons/1.7.0/junit-platform-commons-1.7.0.jar:/Users/evgeniirybalkin/.m2/repository/org/junit/jupiter/junit-jupiter-params/5.7.0/junit-jupiter-params-5.7.0.jar:/Users/evgeniirybalkin/.m2/repository/org/junit/jupiter/junit-jupiter-engine/5.7.0/junit-jupiter-engine-5.7.0.jar:/Users/evgeniirybalkin/.m2/repository/org/junit/platform/junit-platform-engine/1.7.0/junit-platform-engine-1.7.0.jar:"/>
    <property name="sun.cpu.endian" value="little"/>
    <property name="user.home" value="/Users/evgeniirybalkin"/>
    <property name="user.language" value="ru"/>
    <property name="java.specification.vendor" value="Oracle Corporation"/>
    <property name="java.version.date" value="2022-08-12"/>
    <property name="java.home" value="/Users/evgeniirybalkin/Library/Java/JavaVirtualMachines/corretto-11.0.16.1/Contents/Home"/>
    <property name="file.separator" value="/"/>
    <property name="basedir" value="/Users/evgeniirybalkin/Downloads/Afisha"/>
    <property name="java.vm.compressedOopsMode" value="Zero based"/>
    <property name="line.separator" value="&#10;"/>
    <property name="java.specification.name" value="Java Platform API Specification"/>
    <property name="java.vm.specification.vendor" value="Oracle Corporation"/>
    <property name="java.awt.graphicsenv" value="sun.awt.CGraphicsEnvironment"/>
    <property name="surefire.real.class.path" value="/Users/evgeniirybalkin/Downloads/Afisha/target/surefire/surefirebooter128689387753745392.jar"/>
    <property name="sun.management.compiler" value="HotSpot 64-Bit Tiered Compilers"/>
    <property name="ftp.nonProxyHosts" value="local|*.local|169.254/16|*.169.254/16"/>
    <property name="java.runtime.version" value="11.0.16.1+9-LTS"/>
    <property name="user.name" value="evgeniirybalkin"/>
    <property name="path.separator" value=":"/>
    <property name="os.version" value="12.5.1"/>
    <property name="java.runtime.name" value="OpenJDK Runtime Environment"/>
    <property name="file.encoding" value="UTF-8"/>
    <property name="java.vm.name" value="OpenJDK 64-Bit Server VM"/>
    <property name="java.vendor.version" value="Corretto-11.0.16.9.1"/>
    <property name="localRepository" value="/Users/evgeniirybalkin/.m2/repository"/>
    <property name="java.vendor.url.bug" value="https://github.com/corretto/corretto-11/issues/"/>
    <property name="java.io.tmpdir" value="/var/folders/89/75rwq4kj2cxfz7_kgqhzmysc0000gn/T/"/>
    <property name="idea.version" value="2022.2.1"/>
    <property name="java.version" value="11.0.16.1"/>
    <property name="user.dir" value="/Users/evgeniirybalkin/Downloads/Afisha"/>
    <property name="os.arch" value="x86_64"/>
    <property name="java.vm.specification.name" value="Java Virtual Machine Specification"/>
    <property name="java.awt.printerjob" value="sun.lwawt.macosx.CPrinterJob"/>
    <property name="sun.os.patch.level" value="unknown"/>
    <property name="java.library.path" value="/Users/evgeniirybalkin/Library/Java/Extensions:/Library/Java/Extensions:/Network/Library/Java/Extensions:/System/Library/Java/Extensions:/usr/lib/java:."/>
    <property name="java.vm.info" value="mixed mode"/>
    <property name="java.vendor" value="Amazon.com Inc."/>
    <property name="java.vm.version" value="11.0.16.1+9-LTS"/>
    <property name="sun.io.unicode.encoding" value="UnicodeBig"/>
    <property name="java.class.version" value="55.0"/>
    <property name="socksNonProxyHosts" value="local|*.local|169.254/16|*.169.254/16"/>
  </properties>
  <testcase name="shouldGetLimitPosters" classname="PosterManagerTest" time="0.032"/>
  <testcase name="shouldGetLimitPostersIfSizeOfArrIsTooMach" classname="PosterManagerTest" time="0.02">
    <failure message="array lengths differ, expected: &lt;7&gt; but was: &lt;14&gt;" type="org.opentest4j.AssertionFailedError"><![CDATA[org.opentest4j.AssertionFailedError: array lengths differ, expected: <7> but was: <14>
	at PosterManagerTest.shouldGetLimitPostersIfSizeOfArrIsTooMach(PosterManagerTest.java:91)
]]></failure>
    <system-out><![CDATA[ru.netology.poster.Films@3adbe50f
ru.netology.poster.Films@3a627c80
ru.netology.poster.Films@49aa766b
ru.netology.poster.Films@963176
ru.netology.poster.Films@65004ff6
ru.netology.poster.Films@4cafa9aa
ru.netology.poster.Films@562c877a
ru.netology.poster.Films@4c0884e8
ru.netology.poster.Films@5bfc257
ru.netology.poster.Films@34523d46
ru.netology.poster.Films@7cedfa63
ru.netology.poster.Films@67001148
ru.netology.poster.Films@989da1
ru.netology.poster.Films@31cb96e1
]]></system-out>
  </testcase>
  <testcase name="shouldGetAllPosters" classname="PosterManagerTest" time="0.001">
    <failure message="array lengths differ, expected: &lt;7&gt; but was: &lt;21&gt;" type="org.opentest4j.AssertionFailedError"><![CDATA[org.opentest4j.AssertionFailedError: array lengths differ, expected: <7> but was: <21>
	at PosterManagerTest.shouldGetAllPosters(PosterManagerTest.java:55)
]]></failure>
  </testcase>
  <testcase name="shouldGetLimitPostersIfSizeOfArrayIsNegative" classname="PosterManagerTest" time="0"/>
  <testcase name="shouldSaveNewPosters" classname="PosterManagerTest" time="0.002">
    <failure message="array lengths differ, expected: &lt;7&gt; but was: &lt;35&gt;" type="org.opentest4j.AssertionFailedError"><![CDATA[org.opentest4j.AssertionFailedError: array lengths differ, expected: <7> but was: <35>
	at PosterManagerTest.shouldSaveNewPosters(PosterManagerTest.java:36)
]]></failure>
  </testcase>
</testsuite>